

INFO 2024-06-02 11:17:27,501 middleware Unauthenticated user accessed /
INFO 2024-06-02 11:17:27,541 middleware Unauthenticated user accessed /media/movie_images/monkey_man_ver3_xlg_H0sPTRm.jpg
INFO 2024-06-02 11:17:27,544 middleware Unauthenticated user accessed /media/movie_images/Abigail_mVVuMac.jpeg
INFO 2024-06-02 11:17:27,551 middleware Unauthenticated user accessed /media/movie_images/kungfupanda4_Dkck2NN.jpg
INFO 2024-06-02 11:17:27,552 middleware Unauthenticated user accessed /media/movie_images/Dune2_RfAxS2w.jpg
INFO 2024-06-02 11:17:28,313 middleware Unauthenticated user accessed /media/movie_images/fallguy_BjFHyuM.webp
INFO 2024-06-02 11:17:39,855 middleware Unauthenticated user accessed /favicon.ico
INFO 2024-06-02 11:18:10,364 middleware Unauthenticated user accessed /admin/
INFO 2024-06-02 11:18:10,429 middleware Unauthenticated user accessed /admin/login/
INFO 2024-06-02 11:18:29,869 middleware User karan accessed /admin/login/
INFO 2024-06-02 11:18:29,979 middleware User karan accessed /admin/
INFO 2024-06-02 11:18:37,085 middleware User karan accessed /admin/WatchIt/seat/
INFO 2024-06-02 11:18:52,943 middleware User karan accessed /admin/
INFO 2024-06-02 11:18:56,339 middleware User karan accessed /admin/WatchIt/showtime/
INFO 2024-06-02 11:18:56,378 middleware User karan accessed /media/movie_images/monkey_man_ver3_xlg_H0sPTRm.jpg
INFO 2024-06-02 11:18:56,380 middleware User karan accessed /media/movie_images/Abigail_mVVuMac.jpeg
INFO 2024-06-02 11:19:03,935 middleware User karan accessed /admin/WatchIt/showtime/17/change/
INFO 2024-06-02 11:19:03,986 middleware User karan accessed /admin/jsi18n/
INFO 2024-06-02 11:19:26,688 middleware User karan accessed /admin/WatchIt/showtime/17/change/
INFO 2024-06-02 11:19:26,734 middleware User karan accessed /admin/WatchIt/showtime/
INFO 2024-06-02 11:19:31,312 middleware User karan accessed /admin/WatchIt/showtime/18/change/
INFO 2024-06-02 11:19:31,353 middleware User karan accessed /admin/jsi18n/
INFO 2024-06-02 11:19:35,848 middleware User karan accessed /admin/WatchIt/showtime/
INFO 2024-06-02 11:19:37,589 middleware User karan accessed /admin/WatchIt/showtime/17/change/
INFO 2024-06-02 11:19:37,630 middleware User karan accessed /admin/jsi18n/
INFO 2024-06-02 11:19:45,078 middleware User karan accessed /admin/
INFO 2024-06-02 11:19:45,706 middleware User karan accessed /
INFO 2024-06-02 11:19:45,759 middleware User karan accessed /media/movie_images/kungfupanda4_Dkck2NN.jpg
INFO 2024-06-02 11:19:45,759 middleware User karan accessed /media/movie_images/Dune2_RfAxS2w.jpg
INFO 2024-06-02 11:19:45,849 middleware User karan accessed /media/movie_images/fallguy_BjFHyuM.webp
INFO 2024-06-02 11:19:48,753 middleware User karan accessed /movies/
INFO 2024-06-02 11:19:48,801 middleware User karan accessed /media/movie_images/deadpool_4gEFavb.jpg
INFO 2024-06-02 11:19:50,653 middleware User karan accessed /movies/1/
INFO 2024-06-02 11:19:52,963 middleware User karan accessed /movies/1/showtimes/
INFO 2024-06-02 11:19:53,367 middleware User karan accessed /movies/1/showtimes/
INFO 2024-06-02 11:19:53,822 middleware User karan accessed /movies/1/showtimes/
INFO 2024-06-02 11:19:54,661 middleware User karan accessed /selectTickets/2/1/17/
INFO 2024-06-02 11:19:57,847 middleware User karan accessed /selectTickets/2/1/17/
INFO 2024-06-02 11:19:57,912 middleware User karan accessed /cinema/2/1/17/
INFO 2024-06-02 11:20:01,709 middleware User karan accessed /payment/2/
INFO 2024-06-02 11:20:20,683 middleware User karan accessed /process-payment/
INFO 2024-06-02 11:20:21,755 middleware User karan accessed /booking-success/
INFO 2024-06-02 11:20:25,853 middleware User karan accessed /your_bookings/
INFO 2024-06-02 11:20:26,300 middleware User karan accessed /media/movie_images/Abigail_mVVuMac.jpeg
INFO 2024-06-02 11:20:30,819 middleware User karan accessed /edit_showtime/23/1/2/
INFO 2024-06-02 11:20:39,472 middleware User karan accessed /edit_showtime/23/1/2/
INFO 2024-06-02 11:20:41,353 middleware User karan accessed /edit_showtime/23/1/2/
INFO 2024-06-02 11:20:41,418 middleware User karan accessed /edit_seats/23/18/2/
INFO 2024-06-02 11:20:46,956 middleware User karan accessed /edit_seats/23/18/2/
INFO 2024-06-02 11:20:47,009 middleware User karan accessed /confirm_edit_booking/23/18/2342,2343/
INFO 2024-06-02 11:20:47,946 middleware User karan accessed /confirm_edit_booking/23/18/2342,2343/
INFO 2024-06-02 11:20:47,985 middleware User karan accessed /your_bookings/
INFO 2024-06-02 11:20:56,251 middleware User karan accessed /
INFO 2024-06-02 11:20:56,297 middleware User karan accessed /media/movie_images/kungfupanda4_Dkck2NN.jpg
INFO 2024-06-02 11:20:56,406 middleware User karan accessed /media/movie_images/Dune2_RfAxS2w.jpg
INFO 2024-06-02 11:20:56,412 middleware User karan accessed /media/movie_images/fallguy_BjFHyuM.webp
INFO 2024-06-02 11:21:01,476 middleware User karan accessed /your_bookings/
INFO 2024-06-02 11:21:07,354 middleware User karan accessed /purchase_history/
INFO 2024-06-02 11:21:13,104 middleware User karan accessed /recommendations/
INFO 2024-06-02 11:21:15,933 middleware User karan accessed /my_feedback/
INFO 2024-06-02 11:21:19,567 middleware User karan accessed /your_bookings/
INFO 2024-06-02 11:22:27,396 middleware User karan accessed /your_bookings/
INFO 2024-06-02 11:23:24,449 middleware User karan accessed /
INFO 2024-06-02 11:23:27,458 middleware User karan accessed /movies/
INFO 2024-06-02 11:23:28,973 middleware User karan accessed /movies/1/
INFO 2024-06-02 11:23:31,845 middleware User karan accessed /selectTickets/2/1/17/
INFO 2024-06-02 11:23:34,438 middleware User karan accessed /selectTickets/2/1/17/
INFO 2024-06-02 11:23:34,593 middleware User karan accessed /cinema/2/1/17/
INFO 2024-06-02 11:23:37,797 middleware User karan accessed /movies/1/showtimes/
INFO 2024-06-02 11:23:38,459 middleware User karan accessed /selectTickets/2/1/18/
INFO 2024-06-02 11:23:40,412 middleware User karan accessed /selectTickets/2/1/18/
INFO 2024-06-02 11:23:40,462 middleware User karan accessed /cinema/2/1/18/
INFO 2024-06-02 11:28:22,529 middleware User karan accessed /movies/
INFO 2024-06-02 11:28:24,852 middleware User karan accessed /
INFO 2024-06-02 11:43:50,553 middleware User karan accessed /
INFO 2024-06-02 11:43:51,575 middleware User karan accessed /media/movie_images/monkey_man_ver3_xlg_H0sPTRm.jpg
INFO 2024-06-02 11:43:51,584 middleware User karan accessed /media/movie_images/Abigail_mVVuMac.jpeg
INFO 2024-06-02 11:43:51,614 middleware User karan accessed /media/movie_images/kungfupanda4_Dkck2NN.jpg
INFO 2024-06-02 11:43:51,722 middleware User karan accessed /media/movie_images/Dune2_RfAxS2w.jpg
INFO 2024-06-02 11:43:51,884 middleware User karan accessed /media/movie_images/fallguy_BjFHyuM.webp
INFO 2024-06-02 11:43:55,859 middleware User karan accessed /favicon.ico
INFO 2024-06-02 11:44:23,163 middleware User karan accessed /
INFO 2024-06-02 11:51:34,146 middleware User karan accessed /
INFO 2024-06-02 11:51:34,251 middleware User karan accessed /media/movie_images/monkey_man_ver3_xlg_H0sPTRm.jpg
INFO 2024-06-02 11:51:34,260 middleware User karan accessed /media/movie_images/Abigail_mVVuMac.jpeg
INFO 2024-06-02 11:51:34,292 middleware User karan accessed /media/movie_images/kungfupanda4_Dkck2NN.jpg
INFO 2024-06-02 11:51:34,304 middleware User karan accessed /media/movie_images/Dune2_RfAxS2w.jpg
INFO 2024-06-02 11:51:40,071 middleware User karan accessed /media/movie_images/fallguy_BjFHyuM.webp
INFO 2024-06-02 11:55:51,780 middleware User karan accessed /
INFO 2024-06-02 11:56:45,281 middleware User karan accessed /
INFO 2024-06-02 11:56:45,360 middleware User karan accessed /media/movie_images/Abigail_mVVuMac.jpeg
INFO 2024-06-02 11:56:45,392 middleware User karan accessed /media/movie_images/kungfupanda4_Dkck2NN.jpg
INFO 2024-06-02 11:56:45,396 middleware User karan accessed /media/movie_images/Dune2_RfAxS2w.jpg
INFO 2024-06-02 11:56:45,401 middleware User karan accessed /media/movie_images/fallguy_BjFHyuM.webp
INFO 2024-06-02 11:56:45,466 middleware User karan accessed /media/movie_images/monkey_man_ver3_xlg_H0sPTRm.jpg
INFO 2024-06-02 11:58:22,911 middleware Unauthenticated user accessed /
INFO 2024-06-02 11:58:22,946 middleware Unauthenticated user accessed /media/movie_images/monkey_man_ver3_xlg_H0sPTRm.jpg
INFO 2024-06-02 11:58:22,954 middleware Unauthenticated user accessed /media/movie_images/Abigail_mVVuMac.jpeg
INFO 2024-06-02 11:58:22,959 middleware Unauthenticated user accessed /media/movie_images/kungfupanda4_Dkck2NN.jpg
INFO 2024-06-02 11:58:22,966 middleware Unauthenticated user accessed /media/movie_images/Dune2_RfAxS2w.jpg
INFO 2024-06-02 11:58:23,429 middleware Unauthenticated user accessed /media/movie_images/fallguy_BjFHyuM.webp
INFO 2024-06-02 11:58:34,325 middleware Unauthenticated user accessed /
INFO 2024-06-02 11:58:34,362 middleware Unauthenticated user accessed /media/movie_images/monkey_man_ver3_xlg_H0sPTRm.jpg
INFO 2024-06-02 11:58:34,378 middleware Unauthenticated user accessed /media/movie_images/Abigail_mVVuMac.jpeg
INFO 2024-06-02 11:58:34,381 middleware Unauthenticated user accessed /media/movie_images/kungfupanda4_Dkck2NN.jpg
INFO 2024-06-02 11:58:34,389 middleware Unauthenticated user accessed /media/movie_images/Dune2_RfAxS2w.jpg
INFO 2024-06-02 11:58:34,396 middleware Unauthenticated user accessed /media/movie_images/fallguy_BjFHyuM.webp
INFO 2024-06-02 11:58:35,927 middleware Unauthenticated user accessed /favicon.ico
INFO 2024-06-02 11:58:43,308 middleware Unauthenticated user accessed /admin
INFO 2024-06-02 11:58:43,318 middleware Unauthenticated user accessed /admin/
INFO 2024-06-02 11:58:43,334 middleware Unauthenticated user accessed /admin/login/
INFO 2024-06-02 11:58:50,761 middleware User karan accessed /admin/login/
INFO 2024-06-02 11:58:50,821 middleware User karan accessed /admin/
INFO 2024-06-02 11:58:53,802 middleware User karan accessed /
INFO 2024-06-02 12:01:51,292 middleware User karan accessed /
INFO 2024-06-02 12:02:05,848 middleware User karan accessed /
INFO 2024-06-02 12:02:05,917 middleware User karan accessed /media/movie_images/monkey_man_ver3_xlg_H0sPTRm.jpg
INFO 2024-06-02 12:02:05,923 middleware User karan accessed /media/movie_images/Abigail_mVVuMac.jpeg
INFO 2024-06-02 12:02:05,960 middleware User karan accessed /media/movie_images/kungfupanda4_Dkck2NN.jpg
INFO 2024-06-02 12:02:05,964 middleware User karan accessed /media/movie_images/Dune2_RfAxS2w.jpg
INFO 2024-06-02 12:02:06,215 middleware User karan accessed /media/movie_images/fallguy_BjFHyuM.webp
INFO 2024-06-02 13:31:26,229 middleware User karan accessed /admin/
INFO 2024-06-02 13:31:27,635 middleware User karan accessed /favicon.ico
INFO 2024-06-02 13:42:40,636 middleware Unauthenticated user accessed /
INFO 2024-06-02 13:42:40,728 middleware Unauthenticated user accessed /media/movie_images/monkey_man_ver3_xlg_H0sPTRm.jpg
INFO 2024-06-02 13:42:40,751 middleware Unauthenticated user accessed /media/movie_images/Abigail_mVVuMac.jpeg
INFO 2024-06-02 13:42:40,759 middleware Unauthenticated user accessed /media/movie_images/kungfupanda4_Dkck2NN.jpg
INFO 2024-06-02 13:42:40,767 middleware Unauthenticated user accessed /media/movie_images/Dune2_RfAxS2w.jpg
INFO 2024-06-02 13:42:41,461 middleware Unauthenticated user accessed /media/movie_images/fallguy_BjFHyuM.webp
INFO 2024-06-02 13:42:44,392 middleware Unauthenticated user accessed /favicon.ico
INFO 2024-06-02 13:44:39,898 middleware Unauthenticated user accessed /
INFO 2024-06-02 13:44:39,949 middleware Unauthenticated user accessed /media/movie_images/monkey_man_ver3_xlg_H0sPTRm.jpg
INFO 2024-06-02 13:44:39,951 middleware Unauthenticated user accessed /media/movie_images/Abigail_mVVuMac.jpeg
INFO 2024-06-02 13:44:39,961 middleware Unauthenticated user accessed /media/movie_images/kungfupanda4_Dkck2NN.jpg
INFO 2024-06-02 13:44:39,964 middleware Unauthenticated user accessed /media/movie_images/Dune2_RfAxS2w.jpg
INFO 2024-06-02 13:44:40,555 middleware Unauthenticated user accessed /media/movie_images/fallguy_BjFHyuM.webp
INFO 2024-06-03 19:59:01,651 middleware Unauthenticated user accessed /
INFO 2024-06-03 19:59:01,773 middleware Unauthenticated user accessed /media/movie_images/monkey_man_ver3_xlg_H0sPTRm.jpg
INFO 2024-06-03 19:59:01,797 middleware Unauthenticated user accessed /media/movie_images/Abigail_mVVuMac.jpeg
INFO 2024-06-03 19:59:01,801 middleware Unauthenticated user accessed /media/movie_images/kungfupanda4_Dkck2NN.jpg
INFO 2024-06-03 19:59:01,818 middleware Unauthenticated user accessed /media/movie_images/Dune2_RfAxS2w.jpg
INFO 2024-06-03 19:59:02,078 middleware Unauthenticated user accessed /media/movie_images/fallguy_BjFHyuM.webp
INFO 2024-06-03 19:59:04,444 middleware Unauthenticated user accessed /favicon.ico
INFO 2024-06-03 20:13:45,699 middleware Unauthenticated user accessed /
INFO 2024-06-03 20:13:46,342 middleware Unauthenticated user accessed /media/movie_images/monkey_man_ver3_xlg_H0sPTRm.jpg
INFO 2024-06-03 20:13:46,354 middleware Unauthenticated user accessed /media/movie_images/Abigail_mVVuMac.jpeg
INFO 2024-06-03 20:13:46,364 middleware Unauthenticated user accessed /media/movie_images/kungfupanda4_Dkck2NN.jpg
INFO 2024-06-03 20:13:46,375 middleware Unauthenticated user accessed /media/movie_images/Dune2_RfAxS2w.jpg
INFO 2024-06-03 20:13:46,582 middleware Unauthenticated user accessed /media/movie_images/fallguy_BjFHyuM.webp
INFO 2024-06-03 20:13:49,304 middleware Unauthenticated user accessed /favicon.ico
INFO 2024-06-03 20:13:51,166 middleware Unauthenticated user accessed /
INFO 2024-06-03 20:14:08,208 middleware Unauthenticated user accessed /
INFO 2024-06-03 20:14:08,316 middleware Unauthenticated user accessed /media/movie_images/monkey_man_ver3_xlg_H0sPTRm.jpg
INFO 2024-06-03 20:14:08,396 middleware Unauthenticated user accessed /media/movie_images/Abigail_mVVuMac.jpeg
INFO 2024-06-03 20:14:08,621 middleware Unauthenticated user accessed /media/movie_images/kungfupanda4_Dkck2NN.jpg
INFO 2024-06-03 20:14:08,689 middleware Unauthenticated user accessed /media/movie_images/Dune2_RfAxS2w.jpg
INFO 2024-06-03 20:14:09,068 middleware Unauthenticated user accessed /media/movie_images/fallguy_BjFHyuM.webp
INFO 2024-06-03 20:14:12,246 middleware Unauthenticated user accessed /favicon.ico
INFO 2024-06-03 20:14:38,621 middleware Unauthenticated user accessed /
INFO 2024-06-03 20:14:38,832 middleware Unauthenticated user accessed /media/movie_images/monkey_man_ver3_xlg_H0sPTRm.jpg
INFO 2024-06-03 20:14:38,919 middleware Unauthenticated user accessed /media/movie_images/Abigail_mVVuMac.jpeg
INFO 2024-06-03 20:14:39,042 middleware Unauthenticated user accessed /media/movie_images/kungfupanda4_Dkck2NN.jpg
INFO 2024-06-03 20:14:39,098 middleware Unauthenticated user accessed /media/movie_images/Dune2_RfAxS2w.jpg
INFO 2024-06-03 20:14:39,391 middleware Unauthenticated user accessed /media/movie_images/fallguy_BjFHyuM.webp
INFO 2024-06-03 20:14:41,646 middleware Unauthenticated user accessed /favicon.ico
INFO 2024-06-03 20:18:47,439 middleware Unauthenticated user accessed /submit_feedback/
INFO 2024-06-03 20:18:47,464 middleware Unauthenticated user accessed /accounts/login/
INFO 2024-06-03 20:18:54,554 middleware Unauthenticated user accessed /
INFO 2024-06-03 20:19:01,507 middleware Unauthenticated user accessed /admin
INFO 2024-06-03 20:19:01,527 middleware Unauthenticated user accessed /admin/
INFO 2024-06-03 20:19:01,646 middleware Unauthenticated user accessed /admin/login/
INFO 2024-06-03 20:19:13,657 middleware User karan accessed /admin/login/
INFO 2024-06-03 20:19:13,893 middleware User karan accessed /admin/
INFO 2024-06-03 20:19:20,212 middleware User karan accessed /admin/WatchIt/showtime/
INFO 2024-06-03 20:19:20,491 middleware User karan accessed /media/movie_images/monkey_man_ver3_xlg_H0sPTRm.jpg
INFO 2024-06-03 20:19:20,558 middleware User karan accessed /media/movie_images/Abigail_mVVuMac.jpeg
INFO 2024-06-03 20:19:26,180 middleware User karan accessed /admin/WatchIt/showtime/18/change/
INFO 2024-06-03 20:19:26,297 middleware User karan accessed /admin/jsi18n/
INFO 2024-06-03 20:19:45,381 middleware User karan accessed /admin/WatchIt/showtime/18/change/
INFO 2024-06-03 20:19:45,573 middleware User karan accessed /admin/WatchIt/showtime/
INFO 2024-06-03 20:19:45,663 middleware User karan accessed /media/movie_images/monkey_man_ver3_xlg_H0sPTRm.jpg
INFO 2024-06-03 20:19:45,713 middleware User karan accessed /media/movie_images/Abigail_mVVuMac.jpeg
INFO 2024-06-03 20:19:49,839 middleware User karan accessed /admin/WatchIt/showtime/18/change/
INFO 2024-06-03 20:19:49,927 middleware User karan accessed /admin/jsi18n/
INFO 2024-06-03 20:19:56,822 middleware User karan accessed /
INFO 2024-06-03 20:19:56,960 middleware User karan accessed /media/movie_images/kungfupanda4_Dkck2NN.jpg
INFO 2024-06-03 20:19:56,968 middleware User karan accessed /media/movie_images/Dune2_RfAxS2w.jpg
INFO 2024-06-03 20:19:57,405 middleware User karan accessed /media/movie_images/fallguy_BjFHyuM.webp
INFO 2024-06-03 20:20:00,220 middleware User karan accessed /submit_feedback/
INFO 2024-06-03 20:28:11,778 middleware User karan accessed /movies/
INFO 2024-06-03 20:28:11,879 middleware User karan accessed /media/movie_images/Abigail_mVVuMac.jpeg
INFO 2024-06-03 20:28:11,951 middleware User karan accessed /media/movie_images/deadpool_4gEFavb.jpg
INFO 2024-06-03 20:28:11,980 middleware User karan accessed /media/movie_images/monkey_man_ver3_xlg_H0sPTRm.jpg
INFO 2024-06-03 20:28:17,652 middleware User karan accessed /movies/
INFO 2024-06-03 20:28:18,161 middleware User karan accessed /movies/
INFO 2024-06-03 20:28:18,261 middleware User karan accessed /movies/
INFO 2024-06-03 20:28:18,285 middleware User karan accessed /media/movie_images/monkey_man_ver3_xlg_H0sPTRm.jpg
INFO 2024-06-03 20:28:18,308 middleware User karan accessed /media/movie_images/Abigail_mVVuMac.jpeg
INFO 2024-06-03 20:28:18,369 middleware User karan accessed /movies/
INFO 2024-06-03 20:28:18,380 middleware User karan accessed /media/movie_images/monkey_man_ver3_xlg_H0sPTRm.jpg
INFO 2024-06-03 20:28:18,392 middleware User karan accessed /media/movie_images/deadpool_4gEFavb.jpg
INFO 2024-06-03 20:28:18,400 middleware User karan accessed /media/movie_images/Abigail_mVVuMac.jpeg
INFO 2024-06-03 20:28:18,481 middleware User karan accessed /movies/
INFO 2024-06-03 20:28:18,496 middleware User karan accessed /media/movie_images/monkey_man_ver3_xlg_H0sPTRm.jpg
INFO 2024-06-03 20:28:18,506 middleware User karan accessed /media/movie_images/deadpool_4gEFavb.jpg
INFO 2024-06-03 20:28:18,515 middleware User karan accessed /media/movie_images/Abigail_mVVuMac.jpeg
INFO 2024-06-03 20:28:18,619 middleware User karan accessed /movies/
INFO 2024-06-03 20:28:18,650 middleware User karan accessed /media/movie_images/deadpool_4gEFavb.jpg
INFO 2024-06-03 20:28:18,683 middleware User karan accessed /media/movie_images/monkey_man_ver3_xlg_H0sPTRm.jpg
INFO 2024-06-03 20:28:18,711 middleware User karan accessed /media/movie_images/Abigail_mVVuMac.jpeg
INFO 2024-06-03 20:28:18,773 middleware User karan accessed /media/movie_images/deadpool_4gEFavb.jpg
INFO 2024-06-03 20:28:18,791 middleware User karan accessed /media/movie_images/monkey_man_ver3_xlg_H0sPTRm.jpg
INFO 2024-06-03 20:28:18,805 middleware User karan accessed /media/movie_images/Abigail_mVVuMac.jpeg
INFO 2024-06-03 20:28:18,869 middleware User karan accessed /media/movie_images/deadpool_4gEFavb.jpg
INFO 2024-06-03 20:28:19,242 middleware User karan accessed /submit_feedback/
INFO 2024-06-03 20:28:21,334 middleware User karan accessed /movies/
INFO 2024-06-03 20:28:21,466 middleware User karan accessed /media/movie_images/monkey_man_ver3_xlg_H0sPTRm.jpg
INFO 2024-06-03 20:28:21,484 middleware User karan accessed /media/movie_images/Abigail_mVVuMac.jpeg
INFO 2024-06-03 20:28:21,515 middleware User karan accessed /media/movie_images/deadpool_4gEFavb.jpg
INFO 2024-06-03 20:28:35,050 middleware User karan accessed /movies/
INFO 2024-06-03 20:28:35,417 middleware User karan accessed /movies/
INFO 2024-06-03 20:28:35,539 middleware User karan accessed /movies/
INFO 2024-06-03 20:28:35,564 middleware User karan accessed /media/movie_images/monkey_man_ver3_xlg_H0sPTRm.jpg
INFO 2024-06-03 20:28:35,570 middleware User karan accessed /media/movie_images/Abigail_mVVuMac.jpeg
INFO 2024-06-03 20:28:35,620 middleware User karan accessed /media/movie_images/deadpool_4gEFavb.jpg
INFO 2024-06-03 20:28:35,670 middleware User karan accessed /movies/
INFO 2024-06-03 20:28:35,701 middleware User karan accessed /media/movie_images/deadpool_4gEFavb.jpg
INFO 2024-06-03 20:28:35,777 middleware User karan accessed /movies/
INFO 2024-06-03 20:28:35,875 middleware User karan accessed /movies/
INFO 2024-06-03 20:28:49,760 middleware User karan accessed /
INFO 2024-06-03 20:28:49,854 middleware User karan accessed /
INFO 2024-06-03 20:28:49,893 middleware User karan accessed /media/movie_images/kungfupanda4_Dkck2NN.jpg
INFO 2024-06-03 20:28:49,909 middleware User karan accessed /media/movie_images/Dune2_RfAxS2w.jpg
INFO 2024-06-03 20:28:49,946 middleware User karan accessed /
INFO 2024-06-03 20:28:49,959 middleware User karan accessed /media/movie_images/fallguy_BjFHyuM.webp
INFO 2024-06-03 20:28:50,000 middleware User karan accessed /media/movie_images/kungfupanda4_Dkck2NN.jpg
INFO 2024-06-03 20:28:50,023 middleware User karan accessed /media/movie_images/Dune2_RfAxS2w.jpg
INFO 2024-06-03 20:28:50,071 middleware User karan accessed /media/movie_images/fallguy_BjFHyuM.webp
INFO 2024-06-03 20:28:50,071 middleware User karan accessed /
INFO 2024-06-03 20:28:50,078 middleware User karan accessed /media/movie_images/kungfupanda4_Dkck2NN.jpg
INFO 2024-06-03 20:28:50,107 middleware User karan accessed /media/movie_images/Dune2_RfAxS2w.jpg
INFO 2024-06-03 20:28:50,150 middleware User karan accessed /media/movie_images/fallguy_BjFHyuM.webp
INFO 2024-06-03 20:28:50,165 middleware User karan accessed /
INFO 2024-06-03 20:28:50,182 middleware User karan accessed /media/movie_images/kungfupanda4_Dkck2NN.jpg
INFO 2024-06-03 20:28:50,191 middleware User karan accessed /media/movie_images/Dune2_RfAxS2w.jpg
INFO 2024-06-03 20:28:50,224 middleware User karan accessed /media/movie_images/fallguy_BjFHyuM.webp
INFO 2024-06-03 20:28:50,260 middleware User karan accessed /media/movie_images/kungfupanda4_Dkck2NN.jpg
INFO 2024-06-03 20:28:50,271 middleware User karan accessed /media/movie_images/Dune2_RfAxS2w.jpg
INFO 2024-06-03 20:28:50,298 middleware User karan accessed /media/movie_images/fallguy_BjFHyuM.webp
INFO 2024-06-03 20:28:50,365 middleware User karan accessed /media/movie_images/monkey_man_ver3_xlg_H0sPTRm.jpg
INFO 2024-06-03 20:28:50,371 middleware User karan accessed /media/movie_images/Abigail_mVVuMac.jpeg
INFO 2024-06-03 20:28:50,458 middleware User karan accessed /media/movie_images/monkey_man_ver3_xlg_H0sPTRm.jpg
INFO 2024-06-03 20:28:50,468 middleware User karan accessed /media/movie_images/Abigail_mVVuMac.jpeg
INFO 2024-06-03 20:28:50,523 middleware User karan accessed /media/movie_images/monkey_man_ver3_xlg_H0sPTRm.jpg
INFO 2024-06-03 20:28:50,531 middleware User karan accessed /media/movie_images/Abigail_mVVuMac.jpeg
INFO 2024-06-03 20:28:50,592 middleware User karan accessed /media/movie_images/monkey_man_ver3_xlg_H0sPTRm.jpg
INFO 2024-06-03 20:28:50,598 middleware User karan accessed /media/movie_images/Abigail_mVVuMac.jpeg
INFO 2024-06-03 20:28:50,659 middleware User karan accessed /media/movie_images/Abigail_mVVuMac.jpeg
INFO 2024-06-03 20:28:50,723 middleware User karan accessed /media/movie_images/Abigail_mVVuMac.jpeg
INFO 2024-06-03 20:28:50,760 middleware User karan accessed /media/movie_images/monkey_man_ver3_xlg_H0sPTRm.jpg
INFO 2024-06-03 20:28:50,796 middleware User karan accessed /media/movie_images/Abigail_mVVuMac.jpeg
INFO 2024-06-03 20:28:50,830 middleware User karan accessed /media/movie_images/monkey_man_ver3_xlg_H0sPTRm.jpg
INFO 2024-06-03 20:28:50,866 middleware User karan accessed /media/movie_images/Abigail_mVVuMac.jpeg
INFO 2024-06-03 20:28:50,891 middleware User karan accessed /media/movie_images/monkey_man_ver3_xlg_H0sPTRm.jpg
INFO 2024-06-03 20:28:50,942 middleware User karan accessed /media/movie_images/Abigail_mVVuMac.jpeg
INFO 2024-06-03 20:28:50,956 middleware User karan accessed /media/movie_images/monkey_man_ver3_xlg_H0sPTRm.jpg
INFO 2024-06-03 20:28:51,028 middleware User karan accessed /media/movie_images/Abigail_mVVuMac.jpeg
INFO 2024-06-03 20:28:51,053 middleware User karan accessed /media/movie_images/monkey_man_ver3_xlg_H0sPTRm.jpg
INFO 2024-06-03 20:28:51,139 middleware User karan accessed /media/movie_images/monkey_man_ver3_xlg_H0sPTRm.jpg
INFO 2024-06-03 20:29:34,489 middleware User karan accessed /movies/
INFO 2024-06-03 20:29:34,605 middleware User karan accessed /movies/
INFO 2024-06-03 20:29:34,619 middleware User karan accessed /media/movie_images/monkey_man_ver3_xlg_H0sPTRm.jpg
INFO 2024-06-03 20:29:34,626 middleware User karan accessed /media/movie_images/Abigail_mVVuMac.jpeg
INFO 2024-06-03 20:29:34,761 middleware User karan accessed /media/movie_images/Abigail_mVVuMac.jpeg
INFO 2024-06-03 20:29:34,766 middleware User karan accessed /media/movie_images/deadpool_4gEFavb.jpg
INFO 2024-06-03 20:29:34,845 middleware User karan accessed /media/movie_images/monkey_man_ver3_xlg_H0sPTRm.jpg
INFO 2024-06-03 20:29:34,851 middleware User karan accessed /media/movie_images/deadpool_4gEFavb.jpg
INFO 2024-06-03 20:29:39,093 middleware User karan accessed /your_bookings/
INFO 2024-06-03 20:29:46,120 middleware User karan accessed /your_bookings/
INFO 2024-06-03 20:29:52,326 middleware User karan accessed /
INFO 2024-06-03 20:29:52,464 middleware User karan accessed /media/movie_images/monkey_man_ver3_xlg_H0sPTRm.jpg
INFO 2024-06-03 20:29:52,480 middleware User karan accessed /media/movie_images/Abigail_mVVuMac.jpeg
INFO 2024-06-03 20:29:52,558 middleware User karan accessed /media/movie_images/Dune2_RfAxS2w.jpg
INFO 2024-06-03 20:29:52,652 middleware User karan accessed /media/movie_images/fallguy_BjFHyuM.webp
INFO 2024-06-03 20:29:52,652 middleware User karan accessed /media/movie_images/kungfupanda4_Dkck2NN.jpg
INFO 2024-06-03 20:29:56,336 middleware User karan accessed /your_bookings/
INFO 2024-06-03 20:30:00,732 middleware User karan accessed /purchase_history/
INFO 2024-06-03 20:30:02,146 middleware User karan accessed /your_bookings/
INFO 2024-06-03 20:30:03,467 middleware User karan accessed /
INFO 2024-06-03 20:30:07,096 middleware User karan accessed /your_bookings/
INFO 2024-06-03 20:30:12,249 middleware User karan accessed /recommendations/
INFO 2024-06-03 20:30:12,360 middleware User karan accessed /media/movie_images/kungfupanda4_Dkck2NN.jpg
INFO 2024-06-03 20:30:12,373 middleware User karan accessed /media/movie_images/deadpool_4gEFavb.jpg
INFO 2024-06-03 20:30:19,432 middleware User karan accessed /
INFO 2024-06-03 20:30:19,590 middleware User karan accessed /media/movie_images/Dune2_RfAxS2w.jpg
INFO 2024-06-03 20:30:19,622 middleware User karan accessed /media/movie_images/fallguy_BjFHyuM.webp
